#
# There is insufficient memory for the Java Runtime Environment to continue.
# Native memory allocation (malloc) failed to allocate 110096 bytes for Chunk::new
# Possible reasons:
#   The system is out of physical RAM or swap space
#   The process is running with CompressedOops enabled, and the Java Heap may be blocking the growth of the native heap
# Possible solutions:
#   Reduce memory load on the system
#   Increase physical memory or swap space
#   Check if swap backing store is full
#   Decrease Java heap size (-Xmx/-Xms)
#   Decrease number of Java threads
#   Decrease Java thread stack sizes (-Xss)
#   Set larger code cache with -XX:ReservedCodeCacheSize=
#   JVM is running with Unscaled Compressed Oops mode in which the Java heap is
#     placed in the first 4GB address space. The Java Heap base address is the
#     maximum limit for the native heap growth. Please use -XX:HeapBaseMinAddress
#     to set the Java Heap base and to place the Java Heap above 4GB virtual address.
# This output file may be truncated or incomplete.
#
#  Out of Memory Error (allocation.cpp:389), pid=18364, tid=0x00000000000050e4
#
# JRE version: Java(TM) SE Runtime Environment (8.0_311-b11) (build 1.8.0_311-b11)
# Java VM: Java HotSpot(TM) 64-Bit Server VM (25.311-b11 mixed mode windows-amd64 compressed oops)
# Failed to write core dump. Minidumps are not enabled by default on client versions of Windows
#

---------------  T H R E A D  ---------------

Current thread (0x0000028ee9dba800):  JavaThread "C2 CompilerThread2" daemon [_thread_in_native, id=20708, stack(0x000000a7c8c00000,0x000000a7c8d00000)]

Stack: [0x000000a7c8c00000,0x000000a7c8d00000]
Native frames: (J=compiled Java code, j=interpreted, Vv=VM code, C=native code)
V  [jvm.dll+0x32f239]


Current CompileTask:
C2:    976 1579       4       java.util.AbstractCollection::toArray (147 bytes)


---------------  P R O C E S S  ---------------

Java Threads: ( => current thread )
  0x0000028eec76b800 JavaThread "Timer-0" daemon [_thread_blocked, id=13284, stack(0x000000a7c9800000,0x000000a7c9900000)]
  0x0000028eec3a5800 JavaThread "Disposer" daemon [_thread_blocked, id=22932, stack(0x000000a7c9700000,0x000000a7c9800000)]
  0x0000028eec3db000 JavaThread "Prism Font Disposer" daemon [_thread_blocked, id=6152, stack(0x000000a7c9500000,0x000000a7c9600000)]
  0x0000028eec1dd800 JavaThread "Thread-3" daemon [_thread_in_native, id=3464, stack(0x000000a7c9300000,0x000000a7c9400000)]
  0x0000028eec23b000 JavaThread "JavaFX-Launcher" [_thread_blocked, id=17128, stack(0x000000a7c9400000,0x000000a7c9500000)]
  0x0000028eec17b000 JavaThread "JavaFX Application Thread" [_thread_in_Java, id=16520, stack(0x000000a7c9200000,0x000000a7c9300000)]
  0x0000028eec13e000 JavaThread "Thread-1" daemon [_thread_blocked, id=21212, stack(0x000000a7c9100000,0x000000a7c9200000)]
  0x0000028eec14f000 JavaThread "QuantumRenderer-0" daemon [_thread_blocked, id=18688, stack(0x000000a7c9000000,0x000000a7c9100000)]
  0x0000028ee9dfd800 JavaThread "Service Thread" daemon [_thread_blocked, id=21080, stack(0x000000a7c8e00000,0x000000a7c8f00000)]
  0x0000028ee9dbe000 JavaThread "C1 CompilerThread3" daemon [_thread_blocked, id=5548, stack(0x000000a7c8d00000,0x000000a7c8e00000)]
=>0x0000028ee9dba800 JavaThread "C2 CompilerThread2" daemon [_thread_in_native, id=20708, stack(0x000000a7c8c00000,0x000000a7c8d00000)]
  0x0000028ee9db2800 JavaThread "C2 CompilerThread1" daemon [_thread_in_native, id=15280, stack(0x000000a7c8b00000,0x000000a7c8c00000)]
  0x0000028ee9da2800 JavaThread "C2 CompilerThread0" daemon [_thread_in_native, id=15984, stack(0x000000a7c8a00000,0x000000a7c8b00000)]
  0x0000028ee9da1800 JavaThread "Attach Listener" daemon [_thread_blocked, id=5220, stack(0x000000a7c8900000,0x000000a7c8a00000)]
  0x0000028ee9da1000 JavaThread "Signal Dispatcher" daemon [_thread_blocked, id=3536, stack(0x000000a7c8800000,0x000000a7c8900000)]
  0x0000028ee9d7c000 JavaThread "Finalizer" daemon [_thread_blocked, id=22856, stack(0x000000a7c8700000,0x000000a7c8800000)]
  0x0000028ee9d6c000 JavaThread "Reference Handler" daemon [_thread_blocked, id=23348, stack(0x000000a7c8600000,0x000000a7c8700000)]
  0x0000028ed3e18800 JavaThread "main" [_thread_blocked, id=23432, stack(0x000000a7c7c00000,0x000000a7c7d00000)]

Other Threads:
  0x0000028ee9bfe000 VMThread [stack: 0x000000a7c8500000,0x000000a7c8600000] [id=23500]
  0x0000028eebc38000 WatcherThread [stack: 0x000000a7c8f00000,0x000000a7c9000000] [id=22284]

VM state:not at safepoint (normal execution)

VM Mutex/Monitor currently owned by a thread: None

heap address: 0x0000000084a00000, size: 1974 MB, Compressed Oops mode: 32-bit
Narrow klass base: 0x0000000000000000, Narrow klass shift: 3
Compressed class space size: 1073741824 Address: 0x0000000100000000

Heap:
 PSYoungGen      total 36864K, used 24794K [0x00000000d6e00000, 0x00000000d9700000, 0x0000000100000000)
  eden space 31744K, 61% used [0x00000000d6e00000,0x00000000d8137220,0x00000000d8d00000)
  from space 5120K, 99% used [0x00000000d9200000,0x00000000d96ff658,0x00000000d9700000)
  to   space 5120K, 0% used [0x00000000d8d00000,0x00000000d8d00000,0x00000000d9200000)
 ParOldGen       total 60928K, used 9278K [0x0000000084a00000, 0x0000000088580000, 0x00000000d6e00000)
  object space 60928K, 15% used [0x0000000084a00000,0x000000008530fa40,0x0000000088580000)
 Metaspace       used 17733K, capacity 18276K, committed 18432K, reserved 1067008K
  class space    used 2122K, capacity 2290K, committed 2304K, reserved 1048576K

Card table byte_map: [0x0000028ee4ac0000,0x0000028ee4ea0000] byte_map_base: 0x0000028ee469b000

Marking Bits: (ParMarkBitMap*) 0x0000000073308030
 Begin Bits: [0x0000028ee5140000, 0x0000028ee7018000)
 End Bits:   [0x0000028ee7018000, 0x0000028ee8ef0000)

Polling page: 0x0000028ed56d0000

CodeCache: size=245760Kb used=5830Kb max_used=5830Kb free=239929Kb
 bounds [0x0000028ed5700000, 0x0000028ed5cc0000, 0x0000028ee4700000]
 total_blobs=2140 nmethods=1585 adapters=468
 compilation: enabled

Compilation events (10 events):
Event: 0.967 Thread 0x0000028ee9dbe000 1590       3       java.util.regex.Pattern$Curly::study (153 bytes)
Event: 0.967 Thread 0x0000028ee9dbe000 nmethod 1590 0x0000028ed5c87a10 code [0x0000028ed5c87ba0, 0x0000028ed5c88160]
Event: 0.967 Thread 0x0000028ee9dbe000 1593       3       java.util.ArrayList::<init> (63 bytes)
Event: 0.968 Thread 0x0000028ee9dbe000 nmethod 1593 0x0000028ed5cab950 code [0x0000028ed5cabb00, 0x0000028ed5cac040]
Event: 0.968 Thread 0x0000028ee9dbe000 1591       3       marytts.util.string.IntStringTranslator::set (25 bytes)
Event: 0.968 Thread 0x0000028ee9dbe000 nmethod 1591 0x0000028ed5caaf50 code [0x0000028ed5cab100, 0x0000028ed5cab620]
Event: 0.968 Thread 0x0000028ee9dbe000 1594       3       java.io.File::getCanonicalPath (31 bytes)
Event: 0.968 Thread 0x0000028ee9dbe000 nmethod 1594 0x0000028ed5caa8d0 code [0x0000028ed5caaa80, 0x0000028ed5caae20]
Event: 0.968 Thread 0x0000028ee9dbe000 1595       3       java.io.WinNTFileSystem::canonicalize (372 bytes)
Event: 0.970 Thread 0x0000028ee9dbe000 nmethod 1595 0x0000028ed5cae290 code [0x0000028ed5caea00, 0x0000028ed5cb3e60]

GC Heap History (6 events):
Event: 0.494 GC heap before
{Heap before GC invocations=1 (full 0):
 PSYoungGen      total 36864K, used 15258K [0x00000000d6e00000, 0x00000000d9700000, 0x0000000100000000)
  eden space 31744K, 48% used [0x00000000d6e00000,0x00000000d7ce69e8,0x00000000d8d00000)
  from space 5120K, 0% used [0x00000000d9200000,0x00000000d9200000,0x00000000d9700000)
  to   space 5120K, 0% used [0x00000000d8d00000,0x00000000d8d00000,0x00000000d9200000)
 ParOldGen       total 84992K, used 0K [0x0000000084a00000, 0x0000000089d00000, 0x00000000d6e00000)
  object space 84992K, 0% used [0x0000000084a00000,0x0000000084a00000,0x0000000089d00000)
 Metaspace       used 11642K, capacity 12084K, committed 12160K, reserved 1064960K
  class space    used 1481K, capacity 1626K, committed 1664K, reserved 1048576K
Event: 0.497 GC heap after
Heap after GC invocations=1 (full 0):
 PSYoungGen      total 36864K, used 3551K [0x00000000d6e00000, 0x00000000d9700000, 0x0000000100000000)
  eden space 31744K, 0% used [0x00000000d6e00000,0x00000000d6e00000,0x00000000d8d00000)
  from space 5120K, 69% used [0x00000000d8d00000,0x00000000d9077f60,0x00000000d9200000)
  to   space 5120K, 0% used [0x00000000d9200000,0x00000000d9200000,0x00000000d9700000)
 ParOldGen       total 84992K, used 80K [0x0000000084a00000, 0x0000000089d00000, 0x00000000d6e00000)
  object space 84992K, 0% used [0x0000000084a00000,0x0000000084a14010,0x0000000089d00000)
 Metaspace       used 11642K, capacity 12084K, committed 12160K, reserved 1064960K
  class space    used 1481K, capacity 1626K, committed 1664K, reserved 1048576K
}
Event: 0.497 GC heap before
{Heap before GC invocations=2 (full 1):
 PSYoungGen      total 36864K, used 3551K [0x00000000d6e00000, 0x00000000d9700000, 0x0000000100000000)
  eden space 31744K, 0% used [0x00000000d6e00000,0x00000000d6e00000,0x00000000d8d00000)
  from space 5120K, 69% used [0x00000000d8d00000,0x00000000d9077f60,0x00000000d9200000)
  to   space 5120K, 0% used [0x00000000d9200000,0x00000000d9200000,0x00000000d9700000)
 ParOldGen       total 84992K, used 80K [0x0000000084a00000, 0x0000000089d00000, 0x00000000d6e00000)
  object space 84992K, 0% used [0x0000000084a00000,0x0000000084a14010,0x0000000089d00000)
 Metaspace       used 11642K, capacity 12084K, committed 12160K, reserved 1064960K
  class space    used 1481K, capacity 1626K, committed 1664K, reserved 1048576K
Event: 0.508 GC heap after
Heap after GC invocations=2 (full 1):
 PSYoungGen      total 36864K, used 0K [0x00000000d6e00000, 0x00000000d9700000, 0x0000000100000000)
  eden space 31744K, 0% used [0x00000000d6e00000,0x00000000d6e00000,0x00000000d8d00000)
  from space 5120K, 0% used [0x00000000d8d00000,0x00000000d8d00000,0x00000000d9200000)
  to   space 5120K, 0% used [0x00000000d9200000,0x00000000d9200000,0x00000000d9700000)
 ParOldGen       total 60928K, used 3457K [0x0000000084a00000, 0x0000000088580000, 0x00000000d6e00000)
  object space 60928K, 5% used [0x0000000084a00000,0x0000000084d607c8,0x0000000088580000)
 Metaspace       used 11642K, capacity 12084K, committed 12160K, reserved 1062912K
  class space    used 1481K, capacity 1626K, committed 1664K, reserved 1048576K
}
Event: 0.878 GC heap before
{Heap before GC invocations=3 (full 1):
 PSYoungGen      total 36864K, used 31744K [0x00000000d6e00000, 0x00000000d9700000, 0x0000000100000000)
  eden space 31744K, 100% used [0x00000000d6e00000,0x00000000d8d00000,0x00000000d8d00000)
  from space 5120K, 0% used [0x00000000d8d00000,0x00000000d8d00000,0x00000000d9200000)
  to   space 5120K, 0% used [0x00000000d9200000,0x00000000d9200000,0x00000000d9700000)
 ParOldGen       total 60928K, used 3457K [0x0000000084a00000, 0x0000000088580000, 0x00000000d6e00000)
  object space 60928K, 5% used [0x0000000084a00000,0x0000000084d607c8,0x0000000088580000)
 Metaspace       used 17624K, capacity 18212K, committed 18432K, reserved 1067008K
  class space    used 2119K, capacity 2290K, committed 2304K, reserved 1048576K
Event: 0.884 GC heap after
Heap after GC invocations=3 (full 1):
 PSYoungGen      total 36864K, used 5117K [0x00000000d6e00000, 0x00000000d9700000, 0x0000000100000000)
  eden space 31744K, 0% used [0x00000000d6e00000,0x00000000d6e00000,0x00000000d8d00000)
  from space 5120K, 99% used [0x00000000d9200000,0x00000000d96ff658,0x00000000d9700000)
  to   space 5120K, 0% used [0x00000000d8d00000,0x00000000d8d00000,0x00000000d9200000)
 ParOldGen       total 60928K, used 9278K [0x0000000084a00000, 0x0000000088580000, 0x00000000d6e00000)
  object space 60928K, 15% used [0x0000000084a00000,0x000000008530fa40,0x0000000088580000)
 Metaspace       used 17624K, capacity 18212K, committed 18432K, reserved 1067008K
  class space    used 2119K, capacity 2290K, committed 2304K, reserved 1048576K
}

Deoptimization events (10 events):
Event: 0.905 Thread 0x0000028eec17b000 Uncommon trap: reason=unstable_if action=reinterpret pc=0x0000028ed5c27504 method=java.util.regex.Pattern$CharProperty.match(Ljava/util/regex/Matcher;ILjava/lang/CharSequence;)Z @ 40
Event: 0.915 Thread 0x0000028eec17b000 Uncommon trap: reason=unstable_if action=reinterpret pc=0x0000028ed5c32200 method=java.util.regex.Pattern$Start.match(Ljava/util/regex/Matcher;ILjava/lang/CharSequence;)Z @ 10
Event: 0.930 Thread 0x0000028eec17b000 Uncommon trap: reason=predicate action=maybe_recompile pc=0x0000028ed5c8047c method=java.util.AbstractCollection.toArray([Ljava/lang/Object;)[Ljava/lang/Object; @ 49
Event: 0.956 Thread 0x0000028eec17b000 Uncommon trap: reason=array_check action=maybe_recompile pc=0x0000028ed5c844b0 method=java.util.AbstractCollection.toArray([Ljava/lang/Object;)[Ljava/lang/Object; @ 119
Event: 0.956 Thread 0x0000028eec17b000 Uncommon trap: reason=array_check action=maybe_recompile pc=0x0000028ed5c844b0 method=java.util.AbstractCollection.toArray([Ljava/lang/Object;)[Ljava/lang/Object; @ 119
Event: 0.956 Thread 0x0000028eec17b000 Uncommon trap: reason=array_check action=maybe_recompile pc=0x0000028ed5c844b0 method=java.util.AbstractCollection.toArray([Ljava/lang/Object;)[Ljava/lang/Object; @ 119
Event: 0.956 Thread 0x0000028eec17b000 Uncommon trap: reason=array_check action=maybe_recompile pc=0x0000028ed5c844b0 method=java.util.AbstractCollection.toArray([Ljava/lang/Object;)[Ljava/lang/Object; @ 119
Event: 0.966 Thread 0x0000028eec17b000 Uncommon trap: reason=class_check action=maybe_recompile pc=0x0000028ed5b5b6a0 method=java.lang.ThreadLocal.get()Ljava/lang/Object; @ 6
Event: 0.966 Thread 0x0000028eec17b000 Uncommon trap: reason=class_check action=maybe_recompile pc=0x0000028ed5b5b6a0 method=java.lang.ThreadLocal.get()Ljava/lang/Object; @ 6
Event: 0.966 Thread 0x0000028eec17b000 Uncommon trap: reason=class_check action=maybe_recompile pc=0x0000028ed5b5b6a0 method=java.lang.ThreadLocal.get()Ljava/lang/Object; @ 6

Classes redefined (0 events):
No events

Internal exceptions (10 events):
Event: 0.601 Thread 0x0000028eec17b000 Exception <a 'java/lang/ClassNotFoundException': org/apache/log4j/LayoutCustomizer> (0x00000000d754bf80) thrown at [C:\jenkins\workspace\8-2-build-windows-amd64-cygwin\jdk8u311\1894\hotspot\src\share\vm\classfile\systemDictionary.cpp, line 212]
Event: 0.601 Thread 0x0000028eec17b000 Exception <a 'java/lang/ClassNotFoundException': org/apache/log4j/PatternLayoutCustomizer> (0x00000000d7565670) thrown at [C:\jenkins\workspace\8-2-build-windows-amd64-cygwin\jdk8u311\1894\hotspot\src\share\vm\classfile\systemDictionary.cpp, line 212]
Event: 0.607 Thread 0x0000028eec17b000 Exception <a 'java/lang/ClassNotFoundException': org/apache/log4j/ConsoleAppenderBeanInfo> (0x00000000d75a8f38) thrown at [C:\jenkins\workspace\8-2-build-windows-amd64-cygwin\jdk8u311\1894\hotspot\src\share\vm\classfile\systemDictionary.cpp, line 212]
Event: 0.607 Thread 0x0000028eec17b000 Exception <a 'java/lang/ClassNotFoundException': org/apache/log4j/WriterAppenderBeanInfo> (0x00000000d75b2350) thrown at [C:\jenkins\workspace\8-2-build-windows-amd64-cygwin\jdk8u311\1894\hotspot\src\share\vm\classfile\systemDictionary.cpp, line 212]
Event: 0.607 Thread 0x0000028eec17b000 Exception <a 'java/lang/ClassNotFoundException': org/apache/log4j/AppenderSkeletonBeanInfo> (0x00000000d75bb8d8) thrown at [C:\jenkins\workspace\8-2-build-windows-amd64-cygwin\jdk8u311\1894\hotspot\src\share\vm\classfile\systemDictionary.cpp, line 212]
Event: 0.607 Thread 0x0000028eec17b000 Exception <a 'java/lang/ClassNotFoundException': org/apache/log4j/AppenderSkeletonCustomizer> (0x00000000d75c53f8) thrown at [C:\jenkins\workspace\8-2-build-windows-amd64-cygwin\jdk8u311\1894\hotspot\src\share\vm\classfile\systemDictionary.cpp, line 212]
Event: 0.608 Thread 0x0000028eec17b000 Exception <a 'java/lang/ClassNotFoundException': org/apache/log4j/WriterAppenderCustomizer> (0x00000000d75e3188) thrown at [C:\jenkins\workspace\8-2-build-windows-amd64-cygwin\jdk8u311\1894\hotspot\src\share\vm\classfile\systemDictionary.cpp, line 212]
Event: 0.609 Thread 0x0000028eec17b000 Exception <a 'java/lang/ClassNotFoundException': org/apache/log4j/ConsoleAppenderCustomizer> (0x00000000d75f9670) thrown at [C:\jenkins\workspace\8-2-build-windows-amd64-cygwin\jdk8u311\1894\hotspot\src\share\vm\classfile\systemDictionary.cpp, line 212]
Event: 0.611 Thread 0x0000028eec17b000 Exception <a 'java/lang/ClassNotFoundException': org/apache/log4j/FileAppenderBeanInfo> (0x00000000d7625b28) thrown at [C:\jenkins\workspace\8-2-build-windows-amd64-cygwin\jdk8u311\1894\hotspot\src\share\vm\classfile\systemDictionary.cpp, line 212]
Event: 0.611 Thread 0x0000028eec17b000 Exception <a 'java/lang/ClassNotFoundException': org/apache/log4j/FileAppenderCustomizer> (0x00000000d762ed68) thrown at [C:\jenkins\workspace\8-2-build-windows-amd64-cygwin\jdk8u311\1894\hotspot\src\share\vm\classfile\systemDictionary.cpp, line 212]

Events (10 events):
Event: 0.964 Thread 0x0000028eec17b000 DEOPT UNPACKING pc=0x0000028ed5747918 sp=0x000000a7c92fc598 mode 0
Event: 0.966 Thread 0x0000028eec17b000 Uncommon trap: trap_request=0xffffffde fr.pc=0x0000028ed5b5b6a0
Event: 0.966 Thread 0x0000028eec17b000 DEOPT PACKING pc=0x0000028ed5b5b6a0 sp=0x000000a7c92fc6a0
Event: 0.966 Thread 0x0000028eec17b000 DEOPT UNPACKING pc=0x0000028ed57458c3 sp=0x000000a7c92fc640 mode 2
Event: 0.966 Thread 0x0000028eec17b000 Uncommon trap: trap_request=0xffffffde fr.pc=0x0000028ed5b5b6a0
Event: 0.966 Thread 0x0000028eec17b000 DEOPT PACKING pc=0x0000028ed5b5b6a0 sp=0x000000a7c92fc6a0
Event: 0.966 Thread 0x0000028eec17b000 DEOPT UNPACKING pc=0x0000028ed57458c3 sp=0x000000a7c92fc640 mode 2
Event: 0.966 Thread 0x0000028eec17b000 Uncommon trap: trap_request=0xffffffde fr.pc=0x0000028ed5b5b6a0
Event: 0.966 Thread 0x0000028eec17b000 DEOPT PACKING pc=0x0000028ed5b5b6a0 sp=0x000000a7c92fc6a0
Event: 0.966 Thread 0x0000028eec17b000 DEOPT UNPACKING pc=0x0000028ed57458c3 sp=0x000000a7c92fc640 mode 2


Dynamic libraries:
0x00007ff645a50000 - 0x00007ff645a97000 	C:\Program Files\Java\jdk1.8.0_311\bin\javaw.exe
0x00007ffc04350000 - 0x00007ffc04545000 	C:\Windows\SYSTEM32\ntdll.dll
0x00007ffc02430000 - 0x00007ffc024ee000 	C:\Windows\System32\KERNEL32.DLL
0x00007ffc01e00000 - 0x00007ffc020c9000 	C:\Windows\System32\KERNELBASE.dll
0x00007ffc04240000 - 0x00007ffc042ec000 	C:\Windows\System32\ADVAPI32.dll
0x00007ffc041a0000 - 0x00007ffc0423e000 	C:\Windows\System32\msvcrt.dll
0x00007ffc02c70000 - 0x00007ffc02d0b000 	C:\Windows\System32\sechost.dll
0x00007ffc03ec0000 - 0x00007ffc03fea000 	C:\Windows\System32\RPCRT4.dll
0x00007ffc02dc0000 - 0x00007ffc02f61000 	C:\Windows\System32\USER32.dll
0x00007ffc02290000 - 0x00007ffc022b2000 	C:\Windows\System32\win32u.dll
0x00007ffc03d80000 - 0x00007ffc03dab000 	C:\Windows\System32\GDI32.dll
0x00007ffc020d0000 - 0x00007ffc021db000 	C:\Windows\System32\gdi32full.dll
0x00007ffc01b70000 - 0x00007ffc01c0d000 	C:\Windows\System32\msvcp_win.dll
0x00007ffc01a70000 - 0x00007ffc01b70000 	C:\Windows\System32\ucrtbase.dll
0x00007ffbe7ce0000 - 0x00007ffbe7f7a000 	C:\Windows\WinSxS\amd64_microsoft.windows.common-controls_6595b64144ccf1df_6.0.19041.1110_none_60b5254171f9507e\COMCTL32.dll
0x00007ffc02550000 - 0x00007ffc02580000 	C:\Windows\System32\IMM32.DLL
0x00007ffbf0240000 - 0x00007ffbf0255000 	C:\Program Files\Java\jdk1.8.0_311\jre\bin\vcruntime140.dll
0x00007ffb9b590000 - 0x00007ffb9b62b000 	C:\Program Files\Java\jdk1.8.0_311\jre\bin\msvcp140.dll
0x0000000072b20000 - 0x0000000073380000 	C:\Program Files\Java\jdk1.8.0_311\jre\bin\server\jvm.dll
0x00007ffc042f0000 - 0x00007ffc042f8000 	C:\Windows\System32\PSAPI.DLL
0x00007ffbf4d60000 - 0x00007ffbf4d6a000 	C:\Windows\SYSTEM32\VERSION.dll
0x00007ffbe3ce0000 - 0x00007ffbe3d07000 	C:\Windows\SYSTEM32\WINMM.dll
0x00007ffbfe490000 - 0x00007ffbfe499000 	C:\Windows\SYSTEM32\WSOCK32.dll
0x00007ffc03130000 - 0x00007ffc0319b000 	C:\Windows\System32\WS2_32.dll
0x00007ffc002f0000 - 0x00007ffc00302000 	C:\Windows\SYSTEM32\kernel.appcore.dll
0x00007ffbfce70000 - 0x00007ffbfce80000 	C:\Program Files\Java\jdk1.8.0_311\jre\bin\verify.dll
0x00007ffb9eee0000 - 0x00007ffb9ef0b000 	C:\Program Files\Java\jdk1.8.0_311\jre\bin\java.dll
0x00007ffbe5240000 - 0x00007ffbe5258000 	C:\Program Files\Java\jdk1.8.0_311\jre\bin\zip.dll
0x00007ffc031c0000 - 0x00007ffc038ff000 	C:\Windows\System32\SHELL32.dll
0x00007ffbffac0000 - 0x00007ffc00250000 	C:\Windows\SYSTEM32\windows.storage.dll
0x00007ffc03900000 - 0x00007ffc03c55000 	C:\Windows\System32\combase.dll
0x00007ffc014c0000 - 0x00007ffc014ec000 	C:\Windows\SYSTEM32\Wldp.dll
0x00007ffc02d10000 - 0x00007ffc02dbd000 	C:\Windows\System32\SHCORE.dll
0x00007ffc02c10000 - 0x00007ffc02c65000 	C:\Windows\System32\shlwapi.dll
0x00007ffc019b0000 - 0x00007ffc019cf000 	C:\Windows\SYSTEM32\profapi.dll
0x0000028eec7d0000 - 0x0000028eec7d3000 	C:\Program Files\Java\jre1.8.0_311\bin\api-ms-win-core-console-l1-1-0.dll
0x0000028eec7e0000 - 0x0000028eec7e3000 	C:\Program Files\Java\jre1.8.0_311\bin\api-ms-win-core-console-l1-2-0.dll
0x0000028eec7f0000 - 0x0000028eec7f3000 	C:\Program Files\Java\jre1.8.0_311\bin\api-ms-win-core-datetime-l1-1-0.dll
0x0000028eec800000 - 0x0000028eec803000 	C:\Program Files\Java\jre1.8.0_311\bin\api-ms-win-core-debug-l1-1-0.dll
0x0000028eec810000 - 0x0000028eec813000 	C:\Program Files\Java\jre1.8.0_311\bin\api-ms-win-core-errorhandling-l1-1-0.dll
0x0000028eec820000 - 0x0000028eec824000 	C:\Program Files\Java\jre1.8.0_311\bin\api-ms-win-core-file-l1-1-0.dll
0x0000028eec830000 - 0x0000028eec833000 	C:\Program Files\Java\jre1.8.0_311\bin\api-ms-win-core-file-l1-2-0.dll
0x0000028eec840000 - 0x0000028eec843000 	C:\Program Files\Java\jre1.8.0_311\bin\api-ms-win-core-file-l2-1-0.dll
0x0000028eec850000 - 0x0000028eec853000 	C:\Program Files\Java\jre1.8.0_311\bin\api-ms-win-core-handle-l1-1-0.dll
0x0000028eec860000 - 0x0000028eec863000 	C:\Program Files\Java\jre1.8.0_311\bin\api-ms-win-core-heap-l1-1-0.dll
0x0000028eec870000 - 0x0000028eec873000 	C:\Program Files\Java\jre1.8.0_311\bin\api-ms-win-core-interlocked-l1-1-0.dll
0x0000028eec880000 - 0x0000028eec883000 	C:\Program Files\Java\jre1.8.0_311\bin\api-ms-win-core-libraryloader-l1-1-0.dll
0x0000028eec890000 - 0x0000028eec893000 	C:\Program Files\Java\jre1.8.0_311\bin\api-ms-win-core-localization-l1-2-0.dll
0x0000028eec8a0000 - 0x0000028eec8a3000 	C:\Program Files\Java\jre1.8.0_311\bin\api-ms-win-core-memory-l1-1-0.dll
0x0000028eec8b0000 - 0x0000028eec8b3000 	C:\Program Files\Java\jre1.8.0_311\bin\api-ms-win-core-namedpipe-l1-1-0.dll
0x0000028eec8c0000 - 0x0000028eec8c3000 	C:\Program Files\Java\jre1.8.0_311\bin\api-ms-win-core-processenvironment-l1-1-0.dll
0x0000028eec8d0000 - 0x0000028eec8d3000 	C:\Program Files\Java\jre1.8.0_311\bin\api-ms-win-core-processthreads-l1-1-0.dll
0x0000028eec8e0000 - 0x0000028eec8e3000 	C:\Program Files\Java\jre1.8.0_311\bin\api-ms-win-core-processthreads-l1-1-1.dll
0x0000028eec8f0000 - 0x0000028eec8f3000 	C:\Program Files\Java\jre1.8.0_311\bin\api-ms-win-core-profile-l1-1-0.dll
0x0000028eec900000 - 0x0000028eec903000 	C:\Program Files\Java\jre1.8.0_311\bin\api-ms-win-core-rtlsupport-l1-1-0.dll
0x0000028eec910000 - 0x0000028eec913000 	C:\Program Files\Java\jre1.8.0_311\bin\api-ms-win-core-string-l1-1-0.dll
0x0000028eec920000 - 0x0000028eec923000 	C:\Program Files\Java\jre1.8.0_311\bin\api-ms-win-core-synch-l1-1-0.dll
0x0000028eec930000 - 0x0000028eec933000 	C:\Program Files\Java\jre1.8.0_311\bin\api-ms-win-core-synch-l1-2-0.dll
0x0000028eec940000 - 0x0000028eec943000 	C:\Program Files\Java\jre1.8.0_311\bin\api-ms-win-core-sysinfo-l1-1-0.dll
0x0000028eec950000 - 0x0000028eec953000 	C:\Program Files\Java\jre1.8.0_311\bin\api-ms-win-core-timezone-l1-1-0.dll
0x0000028eec960000 - 0x0000028eec963000 	C:\Program Files\Java\jre1.8.0_311\bin\api-ms-win-core-util-l1-1-0.dll
0x0000028eec970000 - 0x0000028eec973000 	C:\Program Files\Java\jre1.8.0_311\bin\api-ms-win-crt-conio-l1-1-0.dll
0x0000028eec980000 - 0x0000028eec984000 	C:\Program Files\Java\jre1.8.0_311\bin\api-ms-win-crt-convert-l1-1-0.dll
0x0000028eec990000 - 0x0000028eec993000 	C:\Program Files\Java\jre1.8.0_311\bin\api-ms-win-crt-environment-l1-1-0.dll
0x0000028eec9a0000 - 0x0000028eec9a3000 	C:\Program Files\Java\jre1.8.0_311\bin\api-ms-win-crt-filesystem-l1-1-0.dll
0x0000028eec9b0000 - 0x0000028eec9b3000 	C:\Program Files\Java\jre1.8.0_311\bin\api-ms-win-crt-heap-l1-1-0.dll
0x0000028eec9c0000 - 0x0000028eec9c3000 	C:\Program Files\Java\jre1.8.0_311\bin\api-ms-win-crt-locale-l1-1-0.dll
0x0000028eec9d0000 - 0x0000028eec9d5000 	C:\Program Files\Java\jre1.8.0_311\bin\api-ms-win-crt-math-l1-1-0.dll
0x0000028eec9e0000 - 0x0000028eec9e5000 	C:\Program Files\Java\jre1.8.0_311\bin\api-ms-win-crt-multibyte-l1-1-0.dll
0x0000028eec9f0000 - 0x0000028eeca00000 	C:\Program Files\Java\jre1.8.0_311\bin\api-ms-win-crt-private-l1-1-0.dll
0x0000028eeca00000 - 0x0000028eeca03000 	C:\Program Files\Java\jre1.8.0_311\bin\api-ms-win-crt-process-l1-1-0.dll
0x0000028eeca10000 - 0x0000028eeca14000 	C:\Program Files\Java\jre1.8.0_311\bin\api-ms-win-crt-runtime-l1-1-0.dll
0x0000028eeca20000 - 0x0000028eeca24000 	C:\Program Files\Java\jre1.8.0_311\bin\api-ms-win-crt-stdio-l1-1-0.dll
0x0000028eeca30000 - 0x0000028eeca34000 	C:\Program Files\Java\jre1.8.0_311\bin\api-ms-win-crt-string-l1-1-0.dll
0x0000028eeca40000 - 0x0000028eeca43000 	C:\Program Files\Java\jre1.8.0_311\bin\api-ms-win-crt-time-l1-1-0.dll
0x0000028eeca50000 - 0x0000028eeca53000 	C:\Program Files\Java\jre1.8.0_311\bin\api-ms-win-crt-utility-l1-1-0.dll
0x00007ffbc8e70000 - 0x00007ffbc8f6a000 	C:\Program Files\Java\jre1.8.0_311\bin\ucrtbase.dll
0x00007ffbf7710000 - 0x00007ffbf7725000 	C:\Program Files\Java\jre1.8.0_311\bin\vcruntime140.dll
0x00007ffbf7700000 - 0x00007ffbf770c000 	C:\Program Files\Java\jre1.8.0_311\bin\vcruntime140_1.dll
0x00007ffbc8dd0000 - 0x00007ffbc8e6b000 	C:\Program Files\Java\jre1.8.0_311\bin\msvcp140.dll
0x00007ffbf01e0000 - 0x00007ffbf0203000 	C:\Program Files\Java\jre1.8.0_311\bin\prism_d3d.dll
0x00007ffbd81b0000 - 0x00007ffbd837e000 	C:\Windows\system32\d3d9.dll
0x00007ffbfef10000 - 0x00007ffbfef3f000 	C:\Windows\SYSTEM32\dwmapi.dll
0x00007ffbfece0000 - 0x00007ffbfed7e000 	C:\Windows\system32\uxtheme.dll
0x00007ffbd8040000 - 0x00007ffbd81a5000 	C:\Windows\System32\DriverStore\FileRepository\iigd_dch.inf_amd64_72a01f266cafbaa8\igdumdim64.dll
0x00007ffc02660000 - 0x00007ffc0278a000 	C:\Windows\System32\ole32.dll
0x00007ffbd43a0000 - 0x00007ffbd803d000 	C:\Windows\System32\DriverStore\FileRepository\iigd_dch.inf_amd64_72a01f266cafbaa8\igd9dxva64.dll
0x00007ffc03060000 - 0x00007ffc0312d000 	C:\Windows\System32\OLEAUT32.dll
0x00007ffc02790000 - 0x00007ffc02c02000 	C:\Windows\System32\SETUPAPI.dll
0x00007ffc022f0000 - 0x00007ffc0233e000 	C:\Windows\System32\cfgmgr32.dll
0x00007ffc022c0000 - 0x00007ffc022e7000 	C:\Windows\System32\bcrypt.dll
0x00007ffbf20c0000 - 0x00007ffbf2478000 	C:\Windows\System32\DriverStore\FileRepository\iigd_dch.inf_amd64_72a01f266cafbaa8\igdgmm64.dll
0x00007ffbe22a0000 - 0x00007ffbe22e2000 	C:\Program Files\Java\jre1.8.0_311\bin\glass.dll
0x00007ffc02580000 - 0x00007ffc0265a000 	C:\Windows\System32\COMDLG32.dll
0x00007ffc03c60000 - 0x00007ffc03d75000 	C:\Windows\System32\MSCTF.dll
0x00007ffc01d70000 - 0x00007ffc01df3000 	C:\Windows\System32\bcryptPrimitives.dll
0x00007ffbf4390000 - 0x00007ffbf43cb000 	C:\Windows\SYSTEM32\dxcore.dll
0x00007ffbf7110000 - 0x00007ffbf7124000 	C:\Program Files\Java\jre1.8.0_311\bin\javafx_font.dll
0x00007ffbb1b40000 - 0x00007ffbb59fb000 	C:\Program Files\Java\jre1.8.0_311\bin\jfxwebkit.dll
0x00007ffc01410000 - 0x00007ffc01428000 	C:\Windows\SYSTEM32\CRYPTSP.dll
0x00007ffc00b30000 - 0x00007ffc00b64000 	C:\Windows\system32\rsaenh.dll
0x00007ffc01430000 - 0x00007ffc0143c000 	C:\Windows\SYSTEM32\CRYPTBASE.dll
0x00007ffbe5940000 - 0x00007ffbe5bc3000 	C:\Windows\SYSTEM32\dwrite.dll
0x00007ffc01930000 - 0x00007ffc0195e000 	C:\Windows\SYSTEM32\USERENV.dll
0x00007ffbca5d0000 - 0x00007ffbca5ec000 	C:\Program Files\Java\jdk1.8.0_311\jre\bin\net.dll
0x00007ffc01220000 - 0x00007ffc0128a000 	C:\Windows\system32\mswsock.dll
0x00007ffc00ec0000 - 0x00007ffc00efb000 	C:\Windows\SYSTEM32\IPHLPAPI.DLL
0x00007ffc04300000 - 0x00007ffc04308000 	C:\Windows\System32\NSI.dll
0x00007ffbf4330000 - 0x00007ffbf4347000 	C:\Windows\SYSTEM32\dhcpcsvc6.DLL
0x00007ffbf4490000 - 0x00007ffbf44ad000 	C:\Windows\SYSTEM32\dhcpcsvc.DLL
0x00007ffc00f10000 - 0x00007ffc00fdc000 	C:\Windows\SYSTEM32\DNSAPI.dll
0x00007ffbbaa40000 - 0x00007ffbbaa53000 	C:\Program Files\Java\jdk1.8.0_311\jre\bin\nio.dll

VM Arguments:
jvm_args: -Dfile.encoding=UTF-8 -Xbootclasspath/p:C:\Program Files\Java\jre1.8.0_311\lib\ext\jfxrt.jar;E:\Program\eclipse\Dictionary_JavaFX\resources\jfoenix-8.0.10.jar -Xbootclasspath/a:E:\Program\eclipse\Dictionary_JavaFX\resources\datafx-8.0.1.jar;E:\Program\eclipse\Dictionary_JavaFX\resources\flow-8.0.1.jar;E:\Program\eclipse\Dictionary_JavaFX\resources\ikonli-fontawesome5-pack-2.4.0.jar;E:\Program\eclipse\Dictionary_JavaFX\resources\controlsfx-8.40.11.jar;E:\Program\eclipse\Dictionary_JavaFX\resources\jfoenix-0.0.0-SNAPSHOT.jar;E:\Program\eclipse\Dictionary_JavaFX\resources\charm-glisten-6.0.2.jar 
java_command: application.Main
java_class_path (initial): C:\Program Files\Java\jdk1.8.0_311\jre\lib\resources.jar;C:\Program Files\Java\jdk1.8.0_311\jre\lib\rt.jar;C:\Program Files\Java\jdk1.8.0_311\jre\lib\jsse.jar;C:\Program Files\Java\jdk1.8.0_311\jre\lib\jce.jar;C:\Program Files\Java\jdk1.8.0_311\jre\lib\charsets.jar;C:\Program Files\Java\jdk1.8.0_311\jre\lib\jfr.jar;C:\Program Files\Java\jdk1.8.0_311\jre\lib\ext\access-bridge-64.jar;C:\Program Files\Java\jdk1.8.0_311\jre\lib\ext\cldrdata.jar;C:\Program Files\Java\jdk1.8.0_311\jre\lib\ext\dnsns.jar;C:\Program Files\Java\jdk1.8.0_311\jre\lib\ext\jaccess.jar;C:\Program Files\Java\jdk1.8.0_311\jre\lib\ext\jfxrt.jar;C:\Program Files\Java\jdk1.8.0_311\jre\lib\ext\localedata.jar;C:\Program Files\Java\jdk1.8.0_311\jre\lib\ext\nashorn.jar;C:\Program Files\Java\jdk1.8.0_311\jre\lib\ext\sunec.jar;C:\Program Files\Java\jdk1.8.0_311\jre\lib\ext\sunjce_provider.jar;C:\Program Files\Java\jdk1.8.0_311\jre\lib\ext\sunmscapi.jar;C:\Program Files\Java\jdk1.8.0_311\jre\lib\ext\sunpkcs11.jar;C:\Program Files\Java\jdk1.8.0_311\jre\lib\ext\zipfs.jar;E:\Program\eclipse\Dictionary_JavaFX\bin;E:\Study corner\Code\Programming\Materials\openjfx-18-ea+3_windows-x64_bin-sdk\javafx-sdk-18\lib\javafx.base.jar;E:\Study corner\Code\Programming\Materials\openjfx-18-ea+3_windows-x64_bin-sdk\javafx-sdk-18\lib\javafx.controls.jar;E:\Program\eclipse\Dictionary_JavaFX\resources\fontawesomefx-8.9.jar;E:\Study corner\Code\Programming\Materials\openjfx-18-ea+3_windows-x64_bin-sdk\javafx-sdk-18\lib\javafx.fxml.jar;E:\Study corner\Code\Programming\Materials\openjfx-18-ea+3_windows-x64_bin-sdk\javafx-sdk-18\lib\javafx.graphics.jar;E:\Study corner\Code\Programming\Materials\openjfx-18-ea+3_windows-x64_bin-sdk\javafx-sdk-18\lib\javafx.media.jar;E:\Study corner\Code\Programming\Materials\openjfx-18-ea+3_windows-x64_bin-sdk\javafx-sdk-18\lib\javafx.swing.jar;E:\Study corner\Code\Programming\Materials\openjfx-18-ea+3_windows-x64_bin-sdk\javafx-sdk-18\lib\javafx.web.jar;E:\Study corner\Cod
Launcher Type: SUN_STANDARD

Environment Variables:
JAVA_HOME=C:\Program Files\Java\jdk-17
PATH=C:/Program Files/Java/jdk-17/bin/server;C:/Program Files/Java/jdk-17/bin;C:\Windows\system32;C:\Windows;C:\Windows\System32\Wbem;C:\Windows\System32\WindowsPowerShell\v1.0\;C:\Windows\System32\OpenSSH\;C:\Program Files\Git\cmd;C:\ProgramData\chocolatey\bin;C:\msys64\mingw64\bin;C:\msys64\usr\bin;C:\Program Files\TortoiseGit\bin;C:\msys64\usr\include\python3.9;C:\Program Files\nodejs\;D:\apache-maven-3.8.2-bin\apache-maven-3.8.2\bin;C:\Program Files\MySQL\MySQL Shell 8.0\bin;C:\Program Files\MySQL\MySQL Server 8.0\bin;C:\Program Files (x86)\eSpeak\command_line;C:\Gradle\gradle-7.2\bin;E:\Program\BaseX\bin;C:\Program Files\Java\jdk1.8.0_311\bin;C:\Program Files\MySQL\MySQL Shell 8.0\bin\;C:\Users\tttun\scoop\shims;C:\Users\tttun\AppData\Local\Microsoft\WindowsApps;C:\Program Files (x86)\Microsoft VS Code\bin;C:\msys64\mingw64\bin;C:\msys64\usr\bin;C:\msys64\usr\include\python3.9;C:\Users\tttun\AppData\Roaming\npm;D:\apache-maven-3.8.2-bin\apache-maven-3.8.2\bin;C:\Program Files\MySQL\MySQL Server 8.0\bin;C:\Program Files (x86)\eSpeak\command_line;C:\Gradle\gradle-7.2\bin;C:\Program Files\Java\jdk-17\bin;;E:\Program\eclipse;
USERNAME=tttun
OS=Windows_NT
PROCESSOR_IDENTIFIER=Intel64 Family 6 Model 140 Stepping 1, GenuineIntel



---------------  S Y S T E M  ---------------

OS: Windows 10.0 , 64 bit Build 19041 (10.0.19041.1202)

CPU:total 8 (initial active 8) (4 cores per cpu, 2 threads per core) family 6 model 140 stepping 1, cmov, cx8, fxsr, mmx, sse, sse2, sse3, ssse3, sse4.1, sse4.2, popcnt, avx, avx2, aes, clmul, erms, 3dnowpref, lzcnt, ht, tsc, tscinvbit, bmi1, bmi2, adx

Memory: 4k page, physical 8083564k(896280k free), swap 21190760k(3144k free)

vm_info: Java HotSpot(TM) 64-Bit Server VM (25.311-b11) for windows-amd64 JRE (1.8.0_311-b11), built on Sep 27 2021 05:15:14 by "java_re" with MS VC++ 15.9 (VS2017)

time: Sun Oct 24 17:51:06 2021
timezone: SE Asia Standard Time
elapsed time: 0.980675 seconds (0d 0h 0m 0s)

